<?xml version="1.0" encoding="utf-8"?><testsuites name="pytest tests"><testsuite name="pytest" errors="0" failures="0" skipped="0" tests="14" time="2.884" timestamp="2026-08-23T17:53:15.435504+00:00" hostname="agent-env-813aa412-9b9d-406c-b1f4-63d84a867560"><testcase classname="tests.test_phase2_api.TestCep" name="test_valid_cep_sao_paulo" time="0.580" /><testcase classname="tests.test_api_regression" name="test_auth_me_and_projects" time="0.647" /><testcase classname="tests.test_phase2_api.TestCep" name="test_cep_formatted_with_dash" time="0.438" /><testcase classname="tests.test_api_regression" name="test_create_project_and_estimate" time="0.464" /><testcase classname="tests.test_phase2_api.TestCep" name="test_invalid_cep_length" time="0.050" /><testcase classname="tests.test_phase2_api.TestCep" name="test_cep_not_found" time="0.182" /><testcase classname="tests.test_api_regression" name="test_offers_returns_structured_external_failure" time="0.447" /><testcase classname="tests.test_phase2_api.TestCart" name="test_full_cart_flow" time="0.934" /><testcase classname="tests.test_phase2_api.TestProjectUpdate" name="test_put_persists_layout" time="0.649" /><testcase classname="tests.test_phase2_api.TestCart" name="test_cart_requires_auth" time="0.071" /><testcase classname="tests.test_phase2_api.TestProjectUpdate" name="test_put_unknown_returns_404" time="0.049" /><testcase classname="tests.test_phase2_api.TestAlerts" name="test_full_alerts_flow" time="0.242" /><testcase classname="tests.test_phase2_api.TestOffers" name="test_offers_partner_stores_and_freight" time="0.201" /><testcase classname="tests.test_phase2_api.TestAlerts" name="test_alerts_requires_auth" time="0.066" /></testsuite></testsuites>