<?xml version="1.0" encoding="utf-8"?><testsuites name="pytest tests"><testsuite name="pytest" errors="0" failures="0" skipped="0" tests="3" time="1.502" timestamp="2026-08-23T17:27:07.279520+00:00" hostname="agent-env-813aa412-9b9d-406c-b1f4-63d84a867560"><testcase classname="tests.test_api_regression" name="test_auth_me_and_projects" time="0.488" /><testcase classname="tests.test_api_regression" name="test_create_project_and_estimate" time="0.439" /><testcase classname="tests.test_api_regression" name="test_offers_returns_structured_external_failure" time="0.261" /></testsuite></testsuites>