<?xml version="1.0" encoding="utf-8"?><testsuites name="pytest tests"><testsuite name="pytest" errors="0" failures="0" skipped="0" tests="9" time="1.920" timestamp="2026-08-23T18:10:33.080209+00:00" hostname="agent-env-813aa412-9b9d-406c-b1f4-63d84a867560"><testcase classname="tests.test_phase3_api.TestAlertsCRUD" name="test_create_alert" time="0.765" /><testcase classname="tests.test_phase3_api.TestEstimatePerRoom" name="test_estimate_per_room_present" time="0.917" /><testcase classname="tests.test_phase3_api.TestAlertsCRUD" name="test_list_alert_contains_created" time="0.132" /><testcase classname="tests.test_phase3_api.TestAlertsCRUD" name="test_delete_alert" time="0.252" /><testcase classname="tests.test_phase3_api.TestEstimatePerRoom" name="test_per_room_costs_sum_to_total" time="0.183" /><testcase classname="tests.test_phase3_api.TestEstimatePerRoom" name="test_wet_rooms_have_higher_cost_per_m2" time="0.336" /><testcase classname="tests.test_phase3_api.TestTemplates" name="test_templates_returns_four_templates" time="0.224" /><testcase classname="tests.test_phase3_api.TestTemplates" name="test_templates_rooms_shape" time="0.139" /><testcase classname="tests.test_phase3_api.TestEstimatePerRoom" name="test_shares_sum_to_100" time="0.165" /></testsuite></testsuites>